<?xml version="1.0" encoding="UTF-8"?>
<!-- Generated by org.testng.reporters.JUnitXMLReporter -->
<testsuite ignored="0" hostname="LAPTOP-4B0T78A9" failures="1" tests="1" name="Test" time="5.063" errors="0" timestamp="2023-08-06T19:06:54 IST">
  <testcase classname="testing.GetRequest.GetRequest" name="hitgetrequest" time="4.986">
    <failure type="java.lang.AssertionError" message="Check for presence of Mumbai expected [true] but found [false]">
      <![CDATA[java.lang.AssertionError: Check for presence of Mumbai expected [true] but found [false]
at testing.GetRequest.GetRequest.hitgetrequest(GetRequest.java:28)
at java.base/java.util.ArrayList.forEach(ArrayList.java:1511)
... Removed 32 stack frames]]>
    </failure>
  </testcase> <!-- hitgetrequest -->
</testsuite> <!-- Test -->
