<?xml version="1.0" encoding="UTF-8"?>
<testng-results total="4" passed="3" failed="1" skipped="0">
  <reporter-output>
  </reporter-output>
  <suite started-at="2023-08-06T10:15:08Z" name="Suite" finished-at="2023-08-06T10:17:07Z" duration-ms="119218">
    <groups>
    </groups>
    <test started-at="2023-08-06T10:15:08Z" name="Test" finished-at="2023-08-06T10:17:07Z" duration-ms="119218">
      <class name="testing.testcases.TC_02">
        <test-method is-config="true" signature="launch()[pri:0, instance:testing.testcases.TC_02@5dd1c9f2]" started-at="2023-08-06T15:45:43Z" name="launch" finished-at="2023-08-06T15:46:02Z" duration-ms="18596" status="PASS">
          <reporter-output>
          </reporter-output>
        </test-method> <!-- launch -->
        <test-method signature="m2()[pri:0, instance:testing.testcases.TC_02@5dd1c9f2]" started-at="2023-08-06T15:46:02Z" name="m2" finished-at="2023-08-06T15:46:09Z" duration-ms="7120" status="PASS">
          <reporter-output>
          </reporter-output>
        </test-method> <!-- m2 -->
        <test-method is-config="true" signature="browserclose()[pri:0, instance:testing.testcases.TC_02@5dd1c9f2]" started-at="2023-08-06T15:46:09Z" name="browserclose" finished-at="2023-08-06T15:46:14Z" duration-ms="5399" status="PASS">
          <reporter-output>
          </reporter-output>
        </test-method> <!-- browserclose -->
      </class> <!-- testing.testcases.TC_02 -->
      <class name="testing.testcases.TC_01">
        <test-method is-config="true" signature="launch()[pri:0, instance:testing.testcases.TC_01@4f1bfe23]" started-at="2023-08-06T15:45:08Z" name="launch" finished-at="2023-08-06T15:45:24Z" duration-ms="16045" status="PASS">
          <reporter-output>
          </reporter-output>
        </test-method> <!-- launch -->
        <test-method signature="m1()[pri:0, instance:testing.testcases.TC_01@4f1bfe23]" started-at="2023-08-06T15:45:24Z" name="m1" finished-at="2023-08-06T15:45:38Z" duration-ms="13900" status="PASS">
          <reporter-output>
          </reporter-output>
        </test-method> <!-- m1 -->
        <test-method is-config="true" signature="browserclose()[pri:0, instance:testing.testcases.TC_01@4f1bfe23]" started-at="2023-08-06T15:45:38Z" name="browserclose" finished-at="2023-08-06T15:45:43Z" duration-ms="5509" status="PASS">
          <reporter-output>
          </reporter-output>
        </test-method> <!-- browserclose -->
      </class> <!-- testing.testcases.TC_01 -->
      <class name="testing.testcases.TC_04">
        <test-method is-config="true" signature="launch()[pri:0, instance:testing.testcases.TC_04@2e2ff723]" started-at="2023-08-06T15:46:40Z" name="launch" finished-at="2023-08-06T15:46:54Z" duration-ms="14143" status="PASS">
          <reporter-output>
          </reporter-output>
        </test-method> <!-- launch -->
        <test-method signature="m4()[pri:0, instance:testing.testcases.TC_04@2e2ff723]" started-at="2023-08-06T15:46:54Z" name="m4" finished-at="2023-08-06T15:47:01Z" duration-ms="7656" status="FAIL">
          <exception class="org.openqa.selenium.WebDriverException">
            <message>
              <![CDATA[element click intercepted: Element <a class="btn btn-translucent-dark btn-xs rounded-pill fs-sm me-2 mb-2" href="/weather-today">...</a> is not clickable at point (681, 16). Other element would receive the click: <div class="container">...</div>
  (Session info: chrome=115.0.5790.111)
  (Driver info: chromedriver=114.0.5735.90 (386bc09e8f4f2e025eddae123f36f6263096ae49-refs/branch-heads/5735@{#1052}),platform=Windows NT 10.0.22621 x86_64) (WARNING: The server did not provide any stacktrace information)
Command duration or timeout: 1.08 seconds
Build info: version: '2.48.2', revision: '41bccdd', time: '2015-10-09 19:55:52'
System info: host: 'LAPTOP-4B0T78A9', ip: '192.168.1.202', os.name: 'Windows 11', os.arch: 'amd64', os.version: '10.0', java.version: '17.0.2'
Driver info: org.openqa.selenium.chrome.ChromeDriver
Capabilities [{mobileEmulationEnabled=false, timeouts={implicit=0, pageLoad=300000, script=30000}, hasTouchScreen=false, platform=XP, acceptSslCerts=false, goog:chromeOptions={debuggerAddress=localhost:52642}, webauthn:extension:credBlob=true, acceptInsecureCerts=false, webStorageEnabled=true, browserName=chrome, takesScreenshot=true, javascriptEnabled=true, setWindowRect=true, webauthn:extension:largeBlob=true, unexpectedAlertBehaviour=ignore, rotatable=false, networkConnectionEnabled=false, chrome={chromedriverVersion=114.0.5735.90 (386bc09e8f4f2e025eddae123f36f6263096ae49-refs/branch-heads/5735@{#1052}), userDataDir=C:\Users\Dinesh\AppData\Local\Temp\scoped_dir14396_1554465428}, takesHeapSnapshot=true, pageLoadStrategy=normal, strictFileInteractability=false, databaseEnabled=false, handlesAlerts=true, version=115.0.5790.111, browserConnectionEnabled=false, proxy={}, nativeEvents=true, webauthn:extension:minPinLength=true, webauthn:extension:prf=true, locationContextEnabled=true, cssSelectorsEnabled=true, webauthn:virtualAuthenticators=true}]
Session ID: 1082e8e51102506b2a92de9cf0d6329f]]>
            </message>
            <full-stacktrace>
              <![CDATA[org.openqa.selenium.WebDriverException: element click intercepted: Element <a class="btn btn-translucent-dark btn-xs rounded-pill fs-sm me-2 mb-2" href="/weather-today">...</a> is not clickable at point (681, 16). Other element would receive the click: <div class="container">...</div>
  (Session info: chrome=115.0.5790.111)
  (Driver info: chromedriver=114.0.5735.90 (386bc09e8f4f2e025eddae123f36f6263096ae49-refs/branch-heads/5735@{#1052}),platform=Windows NT 10.0.22621 x86_64) (WARNING: The server did not provide any stacktrace information)
Command duration or timeout: 1.08 seconds
Build info: version: '2.48.2', revision: '41bccdd', time: '2015-10-09 19:55:52'
System info: host: 'LAPTOP-4B0T78A9', ip: '192.168.1.202', os.name: 'Windows 11', os.arch: 'amd64', os.version: '10.0', java.version: '17.0.2'
Driver info: org.openqa.selenium.chrome.ChromeDriver
Capabilities [{mobileEmulationEnabled=false, timeouts={implicit=0, pageLoad=300000, script=30000}, hasTouchScreen=false, platform=XP, acceptSslCerts=false, goog:chromeOptions={debuggerAddress=localhost:52642}, webauthn:extension:credBlob=true, acceptInsecureCerts=false, webStorageEnabled=true, browserName=chrome, takesScreenshot=true, javascriptEnabled=true, setWindowRect=true, webauthn:extension:largeBlob=true, unexpectedAlertBehaviour=ignore, rotatable=false, networkConnectionEnabled=false, chrome={chromedriverVersion=114.0.5735.90 (386bc09e8f4f2e025eddae123f36f6263096ae49-refs/branch-heads/5735@{#1052}), userDataDir=C:\Users\Dinesh\AppData\Local\Temp\scoped_dir14396_1554465428}, takesHeapSnapshot=true, pageLoadStrategy=normal, strictFileInteractability=false, databaseEnabled=false, handlesAlerts=true, version=115.0.5790.111, browserConnectionEnabled=false, proxy={}, nativeEvents=true, webauthn:extension:minPinLength=true, webauthn:extension:prf=true, locationContextEnabled=true, cssSelectorsEnabled=true, webauthn:virtualAuthenticators=true}]
Session ID: 1082e8e51102506b2a92de9cf0d6329f
	at java.base/jdk.internal.reflect.NativeConstructorAccessorImpl.newInstance0(Native Method)
	at java.base/jdk.internal.reflect.NativeConstructorAccessorImpl.newInstance(NativeConstructorAccessorImpl.java:77)
	at java.base/jdk.internal.reflect.DelegatingConstructorAccessorImpl.newInstance(DelegatingConstructorAccessorImpl.java:45)
	at java.base/java.lang.reflect.Constructor.newInstanceWithCaller(Constructor.java:499)
	at java.base/java.lang.reflect.Constructor.newInstance(Constructor.java:480)
	at org.openqa.selenium.remote.ErrorHandler.createThrowable(ErrorHandler.java:206)
	at org.openqa.selenium.remote.ErrorHandler.throwIfResponseFailed(ErrorHandler.java:158)
	at org.openqa.selenium.remote.RemoteWebDriver.execute(RemoteWebDriver.java:647)
	at org.openqa.selenium.remote.RemoteWebElement.execute(RemoteWebElement.java:326)
	at org.openqa.selenium.remote.RemoteWebElement.click(RemoteWebElement.java:84)
	at testing.pages.ForecastPage.tc4_weathertoday(ForecastPage.java:21)
	at testing.testcases.TC_04.m4(TC_04.java:20)
	at java.base/jdk.internal.reflect.NativeMethodAccessorImpl.invoke0(Native Method)
	at java.base/jdk.internal.reflect.NativeMethodAccessorImpl.invoke(NativeMethodAccessorImpl.java:77)
	at java.base/jdk.internal.reflect.DelegatingMethodAccessorImpl.invoke(DelegatingMethodAccessorImpl.java:43)
	at java.base/java.lang.reflect.Method.invoke(Method.java:568)
	at org.testng.internal.MethodInvocationHelper.invokeMethod(MethodInvocationHelper.java:85)
	at org.testng.internal.Invoker.invokeMethod(Invoker.java:639)
	at org.testng.internal.Invoker.invokeTestMethod(Invoker.java:821)
	at org.testng.internal.Invoker.invokeTestMethods(Invoker.java:1131)
	at org.testng.internal.TestMethodWorker.invokeTestMethods(TestMethodWorker.java:124)
	at org.testng.internal.TestMethodWorker.run(TestMethodWorker.java:108)
	at org.testng.TestRunner.privateRun(TestRunner.java:773)
	at org.testng.TestRunner.run(TestRunner.java:623)
	at org.testng.SuiteRunner.runTest(SuiteRunner.java:357)
	at org.testng.SuiteRunner.runSequentially(SuiteRunner.java:352)
	at org.testng.SuiteRunner.privateRun(SuiteRunner.java:310)
	at org.testng.SuiteRunner.run(SuiteRunner.java:259)
	at org.testng.SuiteRunnerWorker.runSuite(SuiteRunnerWorker.java:52)
	at org.testng.SuiteRunnerWorker.run(SuiteRunnerWorker.java:86)
	at org.testng.TestNG.runSuitesSequentially(TestNG.java:1185)
	at org.testng.TestNG.runSuitesLocally(TestNG.java:1110)
	at org.testng.TestNG.run(TestNG.java:1018)
	at org.testng.remote.AbstractRemoteTestNG.run(AbstractRemoteTestNG.java:115)
	at org.testng.remote.RemoteTestNG.initAndRun(RemoteTestNG.java:251)
	at org.testng.remote.RemoteTestNG.main(RemoteTestNG.java:77)
]]>
            </full-stacktrace>
          </exception> <!-- org.openqa.selenium.WebDriverException -->
          <reporter-output>
          </reporter-output>
        </test-method> <!-- m4 -->
        <test-method is-config="true" signature="browserclose()[pri:0, instance:testing.testcases.TC_04@2e2ff723]" started-at="2023-08-06T15:47:01Z" name="browserclose" finished-at="2023-08-06T15:47:07Z" duration-ms="5381" status="PASS">
          <reporter-output>
          </reporter-output>
        </test-method> <!-- browserclose -->
      </class> <!-- testing.testcases.TC_04 -->
      <class name="testing.testcases.TC_03">
        <test-method is-config="true" signature="launch()[pri:0, instance:testing.testcases.TC_03@59b38691]" started-at="2023-08-06T15:46:14Z" name="launch" finished-at="2023-08-06T15:46:29Z" duration-ms="15306" status="PASS">
          <reporter-output>
          </reporter-output>
        </test-method> <!-- launch -->
        <test-method signature="m3()[pri:0, instance:testing.testcases.TC_03@59b38691]" started-at="2023-08-06T15:46:29Z" name="m3" finished-at="2023-08-06T15:46:34Z" duration-ms="4762" status="PASS">
          <reporter-output>
          </reporter-output>
        </test-method> <!-- m3 -->
        <test-method is-config="true" signature="browserclose()[pri:0, instance:testing.testcases.TC_03@59b38691]" started-at="2023-08-06T15:46:34Z" name="browserclose" finished-at="2023-08-06T15:46:40Z" duration-ms="5341" status="PASS">
          <reporter-output>
          </reporter-output>
        </test-method> <!-- browserclose -->
      </class> <!-- testing.testcases.TC_03 -->
    </test> <!-- Test -->
  </suite> <!-- Suite -->
</testng-results>
